<?xml version="1.0" encoding="UTF-8"?>
<!-- Generated by org.testng.reporters.JUnitXMLReporter -->
<testsuite ignored="0" hostname="Fernandos-MacBook-Pro.local" failures="1" tests="2" name="LoginTests" time="0.084" errors="0" timestamp="2021-01-26T22:11:05 CST">
  <testcase classname="selenium.testng.basiclisteners.LoginTest" name="loginByEmail" time="0.013"/>
  <testcase classname="selenium.testng.basiclisteners.LoginTest" name="loginByFacebook" time="0.002">
    <failure type="java.lang.AssertionError" message="expected [CR7] but found [Messi]">
      <![CDATA[java.lang.AssertionError: expected [CR7] but found [Messi]
at selenium.testng.basiclisteners.LoginTest.loginByFacebook(LoginTest.java:17)
at java.base/java.util.ArrayList.forEach(ArrayList.java:1511)
... Removed 33 stack frames]]>
    </failure>
  </testcase> <!-- loginByFacebook -->
</testsuite> <!-- LoginTests -->
